#
# There is insufficient memory for the Java Runtime Environment to continue.
# Native memory allocation (mmap) failed to map 7340032 bytes for G1 virtual space
# Possible reasons:
#   The system is out of physical RAM or swap space
#   The process is running with CompressedOops enabled, and the Java Heap may be blocking the growth of the native heap
# Possible solutions:
#   Reduce memory load on the system
#   Increase physical memory or swap space
#   Check if swap backing store is full
#   Decrease Java heap size (-Xmx/-Xms)
#   Decrease number of Java threads
#   Decrease Java thread stack sizes (-Xss)
#   Set larger code cache with -XX:ReservedCodeCacheSize=
#   JVM is running with Unscaled Compressed Oops mode in which the Java heap is
#     placed in the first 4GB address space. The Java Heap base address is the
#     maximum limit for the native heap growth. Please use -XX:HeapBaseMinAddress
#     to set the Java Heap base and to place the Java Heap above 4GB virtual address.
# This output file may be truncated or incomplete.
#
#  Out of Memory Error (os_windows.cpp:3536), pid=22856, tid=17536
#
# JRE version: Java(TM) SE Runtime Environment (19.0.2+7) (build 19.0.2+7-44)
# Java VM: Java HotSpot(TM) 64-Bit Server VM (19.0.2+7-44, mixed mode, sharing, tiered, compressed oops, compressed class ptrs, g1 gc, windows-amd64)
# No core dump will be written. Minidumps are not enabled by default on client versions of Windows
#

---------------  S U M M A R Y ------------

Command Line: -javaagent:C:\Program Files\JetBrains\IntelliJ IDEA Community Edition 2023.2\lib\idea_rt.jar=63411:C:\Program Files\JetBrains\IntelliJ IDEA Community Edition 2023.2\bin -Dfile.encoding=UTF-8 -Dsun.stdout.encoding=UTF-8 -Dsun.stderr.encoding=UTF-8 com.example.task.TaskApplication

Host: Intel(R) Core(TM) i7-8650U CPU @ 1.90GHz, 8 cores, 7G,  Windows 11 , 64 bit Build 22621 (10.0.22621.4391)
Time: Wed Nov 20 11:25:05 2024 India Standard Time elapsed time: 36.445868 seconds (0d 0h 0m 36s)

---------------  T H R E A D  ---------------

Current thread (0x00000258151b6870):  VMThread "VM Thread" [stack: 0x000000d710e00000,0x000000d710f00000] [id=17536]

Stack: [0x000000d710e00000,0x000000d710f00000]
Native frames: (J=compiled Java code, j=interpreted, Vv=VM code, C=native code)
V  [jvm.dll+0x6ee21a]
V  [jvm.dll+0x85765e]
V  [jvm.dll+0x85904e]
V  [jvm.dll+0x859703]
V  [jvm.dll+0x28298f]
V  [jvm.dll+0x6eb009]
V  [jvm.dll+0x6dfbaa]
V  [jvm.dll+0x3573f6]
V  [jvm.dll+0x35ee56]
V  [jvm.dll+0x3b541e]
V  [jvm.dll+0x3b564f]
V  [jvm.dll+0x32c9ea]
V  [jvm.dll+0x32ca97]
V  [jvm.dll+0x374cd2]
V  [jvm.dll+0x37340f]
V  [jvm.dll+0x32c210]
V  [jvm.dll+0x3729ab]
V  [jvm.dll+0x85ebc3]
V  [jvm.dll+0x85f989]
V  [jvm.dll+0x85febd]
V  [jvm.dll+0x86034b]
V  [jvm.dll+0x860407]
V  [jvm.dll+0x80125a]
V  [jvm.dll+0x6ecf0b]
C  [ucrtbase.dll+0x29333]
C  [KERNEL32.DLL+0x1259d]
C  [ntdll.dll+0x5af38]

VM_Operation (0x000000d712cf5fb0): G1CollectForAllocation, mode: safepoint, requested by thread 0x000002581bd38900


---------------  P R O C E S S  ---------------

Threads class SMR info:
_java_thread_list=0x000002581d051b60, length=30, elements={
0x00000258151cbff0, 0x00000258151cc8f0, 0x00000258151d5720, 0x00000258151d8fe0,
0x00000258151d9520, 0x00000258151d9a60, 0x00000258151ddd60, 0x00000258151de2e0,
0x00000258151de860, 0x000002581519ec50, 0x00000258197f73d0, 0x00000258197f7910,
0x000002581ba8f350, 0x000002581b4c26a0, 0x000002581b4c2be0, 0x000002581bd393a0,
0x000002581bd39e40, 0x000002581bd38900, 0x000002581bd3ae30, 0x000002581bd3a390,
0x000002581bd3b380, 0x000002581bd37e60, 0x000002581bd383b0, 0x000002581bd38e50,
0x000002581d082aa0, 0x000002581d082000, 0x000002581d083a90, 0x000002581d082550,
0x000002581d07eae0, 0x000002581d07c060
}

Java Threads: ( => current thread )
  0x00000258151cbff0 JavaThread "Reference Handler" daemon [_thread_blocked, id=17964, stack(0x000000d710f00000,0x000000d711000000)]
  0x00000258151cc8f0 JavaThread "Finalizer" daemon [_thread_blocked, id=9388, stack(0x000000d711000000,0x000000d711100000)]
  0x00000258151d5720 JavaThread "Signal Dispatcher" daemon [_thread_blocked, id=11820, stack(0x000000d711100000,0x000000d711200000)]
  0x00000258151d8fe0 JavaThread "Attach Listener" daemon [_thread_blocked, id=23360, stack(0x000000d711200000,0x000000d711300000)]
  0x00000258151d9520 JavaThread "Service Thread" daemon [_thread_blocked, id=28800, stack(0x000000d711300000,0x000000d711400000)]
  0x00000258151d9a60 JavaThread "Monitor Deflation Thread" daemon [_thread_blocked, id=23168, stack(0x000000d711400000,0x000000d711500000)]
  0x00000258151ddd60 JavaThread "C2 CompilerThread0" daemon [_thread_blocked, id=13044, stack(0x000000d711500000,0x000000d711600000)]
  0x00000258151de2e0 JavaThread "C1 CompilerThread0" daemon [_thread_blocked, id=27708, stack(0x000000d711600000,0x000000d711700000)]
  0x00000258151de860 JavaThread "Sweeper thread" daemon [_thread_blocked, id=1100, stack(0x000000d711700000,0x000000d711800000)]
  0x000002581519ec50 JavaThread "Common-Cleaner" daemon [_thread_blocked, id=20348, stack(0x000000d711800000,0x000000d711900000)]
  0x00000258197f73d0 JavaThread "Monitor Ctrl-Break" daemon [_thread_in_native, id=27212, stack(0x000000d711900000,0x000000d711a00000)]
  0x00000258197f7910 JavaThread "Notification Thread" daemon [_thread_blocked, id=13480, stack(0x000000d711a00000,0x000000d711b00000)]
  0x000002581ba8f350 JavaThread "Catalina-utility-1" [_thread_blocked, id=23772, stack(0x000000d712500000,0x000000d712600000)]
  0x000002581b4c26a0 JavaThread "Catalina-utility-2" [_thread_blocked, id=19584, stack(0x000000d712600000,0x000000d712700000)]
  0x000002581b4c2be0 JavaThread "container-0" [_thread_blocked, id=18224, stack(0x000000d712700000,0x000000d712800000)]
  0x000002581bd393a0 JavaThread "mysql-cj-abandoned-connection-cleanup" daemon [_thread_blocked, id=2124, stack(0x000000d712800000,0x000000d712900000)]
  0x000002581bd39e40 JavaThread "HikariPool-1 housekeeper" daemon [_thread_blocked, id=22440, stack(0x000000d711c00000,0x000000d711d00000)]
  0x000002581bd38900 JavaThread "http-nio-8080-exec-1" daemon [_thread_blocked, id=19980, stack(0x000000d712c00000,0x000000d712d00000)]
  0x000002581bd3ae30 JavaThread "http-nio-8080-exec-2" daemon [_thread_blocked, id=25940, stack(0x000000d712d00000,0x000000d712e00000)]
  0x000002581bd3a390 JavaThread "http-nio-8080-exec-3" daemon [_thread_blocked, id=29132, stack(0x000000d712e00000,0x000000d712f00000)]
  0x000002581bd3b380 JavaThread "http-nio-8080-exec-4" daemon [_thread_blocked, id=15108, stack(0x000000d712f00000,0x000000d713000000)]
  0x000002581bd37e60 JavaThread "http-nio-8080-exec-5" daemon [_thread_blocked, id=7240, stack(0x000000d713000000,0x000000d713100000)]
  0x000002581bd383b0 JavaThread "http-nio-8080-exec-6" daemon [_thread_blocked, id=21852, stack(0x000000d713100000,0x000000d713200000)]
  0x000002581bd38e50 JavaThread "http-nio-8080-exec-7" daemon [_thread_blocked, id=19112, stack(0x000000d713200000,0x000000d713300000)]
  0x000002581d082aa0 JavaThread "http-nio-8080-exec-8" daemon [_thread_blocked, id=15940, stack(0x000000d713300000,0x000000d713400000)]
  0x000002581d082000 JavaThread "http-nio-8080-exec-9" daemon [_thread_blocked, id=22668, stack(0x000000d713400000,0x000000d713500000)]
  0x000002581d083a90 JavaThread "http-nio-8080-exec-10" daemon [_thread_blocked, id=24988, stack(0x000000d713500000,0x000000d713600000)]
  0x000002581d082550 JavaThread "http-nio-8080-Poller" daemon [_thread_in_native, id=22844, stack(0x000000d713600000,0x000000d713700000)]
  0x000002581d07eae0 JavaThread "http-nio-8080-Acceptor" daemon [_thread_in_native, id=6588, stack(0x000000d713700000,0x000000d713800000)]
  0x000002581d07c060 JavaThread "DestroyJavaVM" [_thread_blocked, id=22152, stack(0x000000d710800000,0x000000d710900000)]

Other Threads:
=>0x00000258151b6870 VMThread "VM Thread" [stack: 0x000000d710e00000,0x000000d710f00000] [id=17536]
  0x0000025819919070 WatcherThread "VM Periodic Task Thread" [stack: 0x000000d711b00000,0x000000d711c00000] [id=26628]
  0x00000258769b11a0 WorkerThread "GC Thread#0" [stack: 0x000000d710900000,0x000000d710a00000] [id=14228]
  0x0000025819ffd400 WorkerThread "GC Thread#1" [stack: 0x000000d711d00000,0x000000d711e00000] [id=23080]
  0x000002581a1f3100 WorkerThread "GC Thread#2" [stack: 0x000000d711e00000,0x000000d711f00000] [id=29348]
  0x000002581a1f2020 WorkerThread "GC Thread#3" [stack: 0x000000d711f00000,0x000000d712000000] [id=5580]
  0x000002581a1f33d0 WorkerThread "GC Thread#4" [stack: 0x000000d712000000,0x000000d712100000] [id=22480]
  0x000002581a1f36a0 WorkerThread "GC Thread#5" [stack: 0x000000d712100000,0x000000d712200000] [id=21328]
  0x000002581a1f22f0 WorkerThread "GC Thread#6" [stack: 0x000000d712300000,0x000000d712400000] [id=6036]
  0x000002581a1f25c0 WorkerThread "GC Thread#7" [stack: 0x000000d712400000,0x000000d712500000] [id=12408]
  0x00000258769c1e60 ConcurrentGCThread "G1 Main Marker" [stack: 0x000000d710a00000,0x000000d710b00000] [id=23844]
  0x00000258769c3030 WorkerThread "G1 Conc#0" [stack: 0x000000d710b00000,0x000000d710c00000] [id=25064]
  0x000002581ac9dd50 WorkerThread "G1 Conc#1" [stack: 0x000000d712200000,0x000000d712300000] [id=24008]
  0x000002581506a170 ConcurrentGCThread "G1 Refine#0" [stack: 0x000000d710c00000,0x000000d710d00000] [id=13008]
  0x000002581506acb0 ConcurrentGCThread "G1 Service" [stack: 0x000000d710d00000,0x000000d710e00000] [id=15808]

Threads with active compile tasks:

VM state: at safepoint (normal execution)

VM Mutex/Monitor currently owned by a thread:  ([mutex/lock_event])
[0x000002587694d390] Threads_lock - owner thread: 0x00000258151b6870
[0x000002587694d6f0] Heap_lock - owner thread: 0x000002581bd38900

Heap address: 0x0000000082200000, size: 2014 MB, Compressed Oops mode: 32-bit

CDS archive(s) mapped at: [0x0000000800000000-0x0000000800c40000-0x0000000800c40000), size 12845056, SharedBaseAddress: 0x0000000800000000, ArchiveRelocationMode: 0.
Compressed class space mapped at: 0x0000000801000000-0x0000000841000000, reserved size: 1073741824
Narrow klass base: 0x0000000800000000, Narrow klass shift: 0, Narrow klass range: 0x100000000

GC Precious Log:
 CardTable entry size: 512
 Card Set container configuration: InlinePtr #cards 5 size 8 Array Of Cards #cards 12 size 40 Howl #buckets 4 coarsen threshold 1843 Howl Bitmap #cards 512 size 80 coarsen threshold 460 Card regions per heap region 1 cards per card region 2048
 CPUs: 8 total, 8 available
 Memory: 8050M
 Large Page Support: Disabled
 NUMA Support: Disabled
 Compressed Oops: Enabled (32-bit)
 Heap Region Size: 1M
 Heap Min Capacity: 8M
 Heap Initial Capacity: 126M
 Heap Max Capacity: 2014M
 Pre-touch: Disabled
 Parallel Workers: 8
 Concurrent Workers: 2
 Concurrent Refinement Workers: 8
 Periodic GC: Disabled

Heap:
 garbage-first heap   total 68608K, used 28677K [0x0000000082200000, 0x0000000100000000)
  region size 1024K, 2 young (2048K), 2 survivors (2048K)
 Metaspace       used 68233K, committed 68864K, reserved 1114112K
  class space    used 8963K, committed 9280K, reserved 1048576K

Heap Regions: E=young(eden), S=young(survivor), O=old, HS=humongous(starts), HC=humongous(continues), CS=collection set, F=free, OA=open archive, CA=closed archive, TAMS=top-at-mark-start (previous, next)
|   0|0x0000000082200000, 0x0000000082300000, 0x0000000082300000|100%|HS|  |TAMS 0x0000000082300000, 0x0000000082200000| Complete 
|   1|0x0000000082300000, 0x0000000082400000, 0x0000000082400000|100%| O|  |TAMS 0x0000000082400000, 0x0000000082300000| Untracked 
|   2|0x0000000082400000, 0x0000000082500000, 0x0000000082500000|100%| O|  |TAMS 0x0000000082500000, 0x0000000082400000| Untracked 
|   3|0x0000000082500000, 0x0000000082600000, 0x0000000082600000|100%| O|  |TAMS 0x0000000082600000, 0x0000000082500000| Untracked 
|   4|0x0000000082600000, 0x0000000082600000, 0x0000000082700000|  0%| F|  |TAMS 0x0000000082600000, 0x0000000082600000| Untracked 
|   5|0x0000000082700000, 0x0000000082800000, 0x0000000082800000|100%| O|  |TAMS 0x0000000082800000, 0x0000000082700000| Untracked 
|   6|0x0000000082800000, 0x0000000082900000, 0x0000000082900000|100%| O|  |TAMS 0x0000000082900000, 0x0000000082800000| Untracked 
|   7|0x0000000082900000, 0x0000000082a00000, 0x0000000082a00000|100%| O|  |TAMS 0x0000000082a00000, 0x0000000082900000| Untracked 
|   8|0x0000000082a00000, 0x0000000082b00000, 0x0000000082b00000|100%| O|  |TAMS 0x0000000082b00000, 0x0000000082a00000| Untracked 
|   9|0x0000000082b00000, 0x0000000082c00000, 0x0000000082c00000|100%| O|  |TAMS 0x0000000082c00000, 0x0000000082b00000| Untracked 
|  10|0x0000000082c00000, 0x0000000082d00000, 0x0000000082d00000|100%| O|  |TAMS 0x0000000082d00000, 0x0000000082c00000| Untracked 
|  11|0x0000000082d00000, 0x0000000082e00000, 0x0000000082e00000|100%| O|  |TAMS 0x0000000082e00000, 0x0000000082d00000| Untracked 
|  12|0x0000000082e00000, 0x0000000082f00000, 0x0000000082f00000|100%| O|  |TAMS 0x0000000082f00000, 0x0000000082e00000| Untracked 
|  13|0x0000000082f00000, 0x0000000083000000, 0x0000000083000000|100%| O|  |TAMS 0x0000000083000000, 0x0000000082f00000| Untracked 
|  14|0x0000000083000000, 0x0000000083100000, 0x0000000083100000|100%| O|  |TAMS 0x0000000083100000, 0x0000000083000000| Untracked 
|  15|0x0000000083100000, 0x0000000083200000, 0x0000000083200000|100%| O|  |TAMS 0x0000000083200000, 0x0000000083100000| Untracked 
|  16|0x0000000083200000, 0x0000000083300000, 0x0000000083300000|100%| O|  |TAMS 0x0000000083200000, 0x0000000083200000| Untracked 
|  17|0x0000000083300000, 0x0000000083400000, 0x0000000083400000|100%| O|  |TAMS 0x0000000083400000, 0x0000000083300000| Untracked 
|  18|0x0000000083400000, 0x0000000083500000, 0x0000000083500000|100%| O|  |TAMS 0x0000000083500000, 0x0000000083400000| Untracked 
|  19|0x0000000083500000, 0x0000000083600000, 0x0000000083600000|100%| O|  |TAMS 0x0000000083600000, 0x0000000083500000| Untracked 
|  20|0x0000000083600000, 0x0000000083700000, 0x0000000083700000|100%| O|  |TAMS 0x0000000083700000, 0x0000000083600000| Untracked 
|  21|0x0000000083700000, 0x0000000083800000, 0x0000000083800000|100%| O|  |TAMS 0x00000000837f0400, 0x0000000083700000| Untracked 
|  22|0x0000000083800000, 0x0000000083900000, 0x0000000083900000|100%| O|  |TAMS 0x0000000083800000, 0x0000000083800000| Untracked 
|  23|0x0000000083900000, 0x0000000083a00000, 0x0000000083a00000|100%| O|  |TAMS 0x0000000083900000, 0x0000000083900000| Untracked 
|  24|0x0000000083a00000, 0x0000000083b00000, 0x0000000083b00000|100%| O|  |TAMS 0x0000000083a00000, 0x0000000083a00000| Untracked 
|  25|0x0000000083b00000, 0x0000000083c00000, 0x0000000083c00000|100%| O|  |TAMS 0x0000000083b00000, 0x0000000083b00000| Untracked 
|  26|0x0000000083c00000, 0x0000000083d00000, 0x0000000083d00000|100%| O|  |TAMS 0x0000000083c00000, 0x0000000083c00000| Untracked 
|  27|0x0000000083d00000, 0x0000000083d17400, 0x0000000083e00000|  9%| O|  |TAMS 0x0000000083d00000, 0x0000000083d00000| Untracked 
|  28|0x0000000083e00000, 0x0000000083e00000, 0x0000000083f00000|  0%| F|  |TAMS 0x0000000083e00000, 0x0000000083e00000| Untracked 
|  29|0x0000000083f00000, 0x0000000083f00000, 0x0000000084000000|  0%| F|  |TAMS 0x0000000083f00000, 0x0000000083f00000| Untracked 
|  30|0x0000000084000000, 0x0000000084000000, 0x0000000084100000|  0%| F|  |TAMS 0x0000000084000000, 0x0000000084000000| Untracked 
|  31|0x0000000084100000, 0x0000000084100000, 0x0000000084200000|  0%| F|  |TAMS 0x0000000084100000, 0x0000000084100000| Untracked 
|  32|0x0000000084200000, 0x0000000084200000, 0x0000000084300000|  0%| F|  |TAMS 0x0000000084200000, 0x0000000084200000| Untracked 
|  33|0x0000000084300000, 0x0000000084300000, 0x0000000084400000|  0%| F|  |TAMS 0x0000000084300000, 0x0000000084300000| Untracked 
|  34|0x0000000084400000, 0x0000000084400000, 0x0000000084500000|  0%| F|  |TAMS 0x0000000084400000, 0x0000000084400000| Untracked 
|  35|0x0000000084500000, 0x0000000084500000, 0x0000000084600000|  0%| F|  |TAMS 0x0000000084500000, 0x0000000084500000| Untracked 
|  36|0x0000000084600000, 0x0000000084600000, 0x0000000084700000|  0%| F|  |TAMS 0x0000000084600000, 0x0000000084600000| Untracked 
|  37|0x0000000084700000, 0x0000000084700000, 0x0000000084800000|  0%| F|  |TAMS 0x0000000084700000, 0x0000000084700000| Untracked 
|  38|0x0000000084800000, 0x0000000084800000, 0x0000000084900000|  0%| F|  |TAMS 0x0000000084800000, 0x0000000084800000| Untracked 
|  39|0x0000000084900000, 0x0000000084900000, 0x0000000084a00000|  0%| F|  |TAMS 0x0000000084900000, 0x0000000084900000| Untracked 
|  40|0x0000000084a00000, 0x0000000084a00000, 0x0000000084b00000|  0%| F|  |TAMS 0x0000000084a00000, 0x0000000084a00000| Untracked 
|  41|0x0000000084b00000, 0x0000000084bea158, 0x0000000084c00000| 91%| S|CS|TAMS 0x0000000084b00000, 0x0000000084b00000| Complete 
|  42|0x0000000084c00000, 0x0000000084d00000, 0x0000000084d00000|100%| S|CS|TAMS 0x0000000084c00000, 0x0000000084c00000| Complete 
|  43|0x0000000084d00000, 0x0000000084d00000, 0x0000000084e00000|  0%| F|  |TAMS 0x0000000084d00000, 0x0000000084d00000| Untracked 
|  44|0x0000000084e00000, 0x0000000084e00000, 0x0000000084f00000|  0%| F|  |TAMS 0x0000000084e00000, 0x0000000084e00000| Untracked 
|  45|0x0000000084f00000, 0x0000000084f00000, 0x0000000085000000|  0%| F|  |TAMS 0x0000000084f00000, 0x0000000084f00000| Untracked 
|  46|0x0000000085000000, 0x0000000085000000, 0x0000000085100000|  0%| F|  |TAMS 0x0000000085000000, 0x0000000085000000| Untracked 
|  47|0x0000000085100000, 0x0000000085100000, 0x0000000085200000|  0%| F|  |TAMS 0x0000000085100000, 0x0000000085100000| Untracked 
|  48|0x0000000085200000, 0x0000000085200000, 0x0000000085300000|  0%| F|  |TAMS 0x0000000085200000, 0x0000000085200000| Untracked 
|  49|0x0000000085300000, 0x0000000085300000, 0x0000000085400000|  0%| F|  |TAMS 0x0000000085300000, 0x0000000085300000| Untracked 
|  50|0x0000000085400000, 0x0000000085400000, 0x0000000085500000|  0%| F|  |TAMS 0x0000000085400000, 0x0000000085400000| Untracked 
|  51|0x0000000085500000, 0x0000000085500000, 0x0000000085600000|  0%| F|  |TAMS 0x0000000085500000, 0x0000000085500000| Untracked 
|  52|0x0000000085600000, 0x0000000085600000, 0x0000000085700000|  0%| F|  |TAMS 0x0000000085600000, 0x0000000085600000| Untracked 
|  53|0x0000000085700000, 0x0000000085700000, 0x0000000085800000|  0%| F|  |TAMS 0x0000000085700000, 0x0000000085700000| Untracked 
|  54|0x0000000085800000, 0x0000000085800000, 0x0000000085900000|  0%| F|  |TAMS 0x0000000085800000, 0x0000000085800000| Untracked 
|  55|0x0000000085900000, 0x0000000085900000, 0x0000000085a00000|  0%| F|  |TAMS 0x0000000085900000, 0x0000000085900000| Untracked 
|  56|0x0000000085a00000, 0x0000000085a00000, 0x0000000085b00000|  0%| F|  |TAMS 0x0000000085a00000, 0x0000000085a00000| Untracked 
|  57|0x0000000085b00000, 0x0000000085b00000, 0x0000000085c00000|  0%| F|  |TAMS 0x0000000085b00000, 0x0000000085b00000| Untracked 
|  58|0x0000000085c00000, 0x0000000085c00000, 0x0000000085d00000|  0%| F|  |TAMS 0x0000000085c00000, 0x0000000085c00000| Untracked 
|  59|0x0000000085d00000, 0x0000000085d00000, 0x0000000085e00000|  0%| F|  |TAMS 0x0000000085d00000, 0x0000000085d00000| Untracked 
|  60|0x0000000085e00000, 0x0000000085e00000, 0x0000000085f00000|  0%| F|  |TAMS 0x0000000085e00000, 0x0000000085e00000| Untracked 
|  61|0x0000000085f00000, 0x0000000085f00000, 0x0000000086000000|  0%| F|  |TAMS 0x0000000085f00000, 0x0000000085f00000| Untracked 
|  62|0x0000000086000000, 0x0000000086000000, 0x0000000086100000|  0%| F|  |TAMS 0x0000000086000000, 0x0000000086000000| Untracked 
|  70|0x0000000086800000, 0x0000000086800000, 0x0000000086900000|  0%| F|  |TAMS 0x0000000086800000, 0x0000000086800000| Untracked 
|  71|0x0000000086900000, 0x0000000086900000, 0x0000000086a00000|  0%| F|  |TAMS 0x0000000086900000, 0x0000000086900000| Untracked 
|  72|0x0000000086a00000, 0x0000000086a00000, 0x0000000086b00000|  0%| F|  |TAMS 0x0000000086a00000, 0x0000000086a00000| Untracked 
| 125|0x0000000089f00000, 0x0000000089f00000, 0x000000008a000000|  0%| F|  |TAMS 0x0000000089f00000, 0x0000000089f00000| Untracked 

Card table byte_map: [0x000002587efc0000,0x000002587f3b0000] _byte_map_base: 0x000002587ebaf000

Marking Bits (Prev, Next): (CMBitMap*) 0x00000258769b1810, (CMBitMap*) 0x00000258769b17d0
 Prev Bits: [0x0000025810f80000, 0x0000025812ef8000)
 Next Bits: [0x000002580f000000, 0x0000025810f78000)

Polling page: 0x00000258748d0000

Metaspace:

Usage:
  Non-class:     57.88 MB used.
      Class:      8.75 MB used.
       Both:     66.63 MB used.

Virtual space:
  Non-class space:       64.00 MB reserved,      58.19 MB ( 91%) committed,  1 nodes.
      Class space:        1.00 GB reserved,       9.06 MB ( <1%) committed,  1 nodes.
             Both:        1.06 GB reserved,      67.25 MB (  6%) committed. 

Chunk freelists:
   Non-Class:  1.44 MB
       Class:  2.80 MB
        Both:  4.23 MB

MaxMetaspaceSize: unlimited
CompressedClassSpaceSize: 1.00 GB
Initial GC threshold: 21.00 MB
Current GC threshold: 99.00 MB
CDS: on
MetaspaceReclaimPolicy: balanced
 - commit_granule_bytes: 65536.
 - commit_granule_words: 8192.
 - virtual_space_node_default_size: 8388608.
 - enlarge_chunks_in_place: 1.
 - new_chunks_are_fully_committed: 0.
 - uncommit_free_chunks: 1.
 - use_allocation_guard: 0.


Internal statistics:

num_allocs_failed_limit: 9.
num_arena_births: 948.
num_arena_deaths: 0.
num_vsnodes_births: 2.
num_vsnodes_deaths: 0.
num_space_committed: 1076.
num_space_uncommitted: 0.
num_chunks_returned_to_freelist: 9.
num_chunks_taken_from_freelist: 3238.
num_chunk_merges: 9.
num_chunk_splits: 2401.
num_chunks_enlarged: 1964.
num_inconsistent_stats: 0.

CodeHeap 'non-profiled nmethods': size=120000Kb used=3072Kb max_used=3072Kb free=116927Kb
 bounds [0x0000025807ad0000, 0x0000025807df0000, 0x000002580f000000]
CodeHeap 'profiled nmethods': size=120000Kb used=9446Kb max_used=10832Kb free=110553Kb
 bounds [0x0000025800000000, 0x0000025800aa0000, 0x0000025807530000]
CodeHeap 'non-nmethods': size=5760Kb used=1460Kb max_used=1526Kb free=4299Kb
 bounds [0x0000025807530000, 0x00000258077a0000, 0x0000025807ad0000]
 total_blobs=5493 nmethods=4780 adapters=622
 compilation: enabled
              stopped_count=0, restarted_count=0
 full_count=0

Compilation events (20 events):
Event: 36.395 Thread 0x00000258151de2e0 nmethod 5608 0x000002580034ed90 code [0x000002580034ef60, 0x000002580034f2b8]
Event: 36.395 Thread 0x00000258151de2e0 5609       3       com.fasterxml.jackson.databind.introspect.AnnotatedMember::getAnnotation (18 bytes)
Event: 36.395 Thread 0x00000258151de2e0 nmethod 5609 0x000002580034e690 code [0x000002580034e860, 0x000002580034ec68]
Event: 36.395 Thread 0x00000258151de2e0 5610       3       com.fasterxml.jackson.databind.introspect.AnnotationMap::get (21 bytes)
Event: 36.396 Thread 0x00000258151de2e0 nmethod 5610 0x0000025800677090 code [0x0000025800677260, 0x00000258006775a8]
Event: 36.396 Thread 0x00000258151de2e0 5611       1       com.fasterxml.jackson.databind.JavaType::getRawClass (5 bytes)
Event: 36.396 Thread 0x00000258151de2e0 nmethod 5611 0x0000025807adea90 code [0x0000025807adec20, 0x0000025807adecd8]
Event: 36.396 Thread 0x00000258151de2e0 5612       1       java.util.concurrent.atomic.AtomicLong::get (5 bytes)
Event: 36.396 Thread 0x00000258151de2e0 nmethod 5612 0x0000025807ade690 code [0x0000025807ade820, 0x0000025807ade8f8]
Event: 36.397 Thread 0x00000258151de2e0 5613       3       java.util.concurrent.atomic.AtomicLongArray::get (12 bytes)
Event: 36.398 Thread 0x00000258151de2e0 nmethod 5613 0x0000025800676810 code [0x00000258006769e0, 0x0000025800676e78]
Event: 36.398 Thread 0x00000258151de2e0 5614       3       java.lang.invoke.VarHandleLongs$Array::getVolatile (42 bytes)
Event: 36.398 Thread 0x00000258151de2e0 nmethod 5614 0x0000025800675f90 code [0x0000025800676140, 0x0000025800676498]
Event: 36.398 Thread 0x00000258151de2e0 5615       3       jdk.internal.misc.Unsafe::putLongRelease (9 bytes)
Event: 36.399 Thread 0x00000258151de2e0 nmethod 5615 0x000002580019a510 code [0x000002580019a6a0, 0x000002580019a7b8]
Event: 36.399 Thread 0x00000258151de2e0 5616       3       org.springframework.core.annotation.AttributeMethods::isAttributeMethod (23 bytes)
Event: 36.399 Thread 0x00000258151de2e0 nmethod 5616 0x0000025800169a90 code [0x0000025800169c40, 0x0000025800169e58]
Event: 36.401 Thread 0x00000258151ddd60 nmethod 5605 0x0000025807bf9c90 code [0x0000025807bf9e60, 0x0000025807bfac30]
Event: 36.408 Thread 0x00000258151ddd60 5617       4       jdk.internal.org.objectweb.asm.Attribute::computeAttributesSize (62 bytes)
Event: 36.410 Thread 0x00000258151ddd60 nmethod 5617 0x0000025807ce7d90 code [0x0000025807ce7f20, 0x0000025807ce7ff8]

GC Heap History (20 events):
Event: 3.951 GC heap after
{Heap after GC invocations=5 (full 0):
 garbage-first heap   total 55296K, used 16506K [0x0000000082200000, 0x0000000100000000)
  region size 1024K, 4 young (4096K), 4 survivors (4096K)
 Metaspace       used 25760K, committed 26240K, reserved 1114112K
  class space    used 3199K, committed 3456K, reserved 1048576K
}
Event: 3.974 GC heap before
{Heap before GC invocations=5 (full 0):
 garbage-first heap   total 55296K, used 17530K [0x0000000082200000, 0x0000000100000000)
  region size 1024K, 5 young (5120K), 4 survivors (4096K)
 Metaspace       used 25939K, committed 26432K, reserved 1114112K
  class space    used 3220K, committed 3456K, reserved 1048576K
}
Event: 3.978 GC heap after
{Heap after GC invocations=6 (full 0):
 garbage-first heap   total 55296K, used 16847K [0x0000000082200000, 0x0000000100000000)
  region size 1024K, 1 young (1024K), 1 survivors (1024K)
 Metaspace       used 25939K, committed 26432K, reserved 1114112K
  class space    used 3220K, committed 3456K, reserved 1048576K
}
Event: 4.598 GC heap before
{Heap before GC invocations=6 (full 0):
 garbage-first heap   total 55296K, used 37327K [0x0000000082200000, 0x0000000100000000)
  region size 1024K, 22 young (22528K), 1 survivors (1024K)
 Metaspace       used 30963K, committed 31488K, reserved 1114112K
  class space    used 3819K, committed 4096K, reserved 1048576K
}
Event: 4.601 GC heap after
{Heap after GC invocations=7 (full 0):
 garbage-first heap   total 92160K, used 17951K [0x0000000082200000, 0x0000000100000000)
  region size 1024K, 2 young (2048K), 2 survivors (2048K)
 Metaspace       used 30963K, committed 31488K, reserved 1114112K
  class space    used 3819K, committed 4096K, reserved 1048576K
}
Event: 5.059 GC heap before
{Heap before GC invocations=7 (full 0):
 garbage-first heap   total 92160K, used 34335K [0x0000000082200000, 0x0000000100000000)
  region size 1024K, 19 young (19456K), 2 survivors (2048K)
 Metaspace       used 35585K, committed 36096K, reserved 1114112K
  class space    used 4560K, committed 4800K, reserved 1048576K
}
Event: 5.063 GC heap after
{Heap after GC invocations=8 (full 0):
 garbage-first heap   total 92160K, used 18788K [0x0000000082200000, 0x0000000100000000)
  region size 1024K, 3 young (3072K), 3 survivors (3072K)
 Metaspace       used 35585K, committed 36096K, reserved 1114112K
  class space    used 4560K, committed 4800K, reserved 1048576K
}
Event: 6.379 GC heap before
{Heap before GC invocations=9 (full 0):
 garbage-first heap   total 68608K, used 55652K [0x0000000082200000, 0x0000000100000000)
  region size 1024K, 40 young (40960K), 3 survivors (3072K)
 Metaspace       used 49183K, committed 49728K, reserved 1114112K
  class space    used 6167K, committed 6400K, reserved 1048576K
}
Event: 6.383 GC heap after
{Heap after GC invocations=10 (full 0):
 garbage-first heap   total 68608K, used 22000K [0x0000000082200000, 0x0000000100000000)
  region size 1024K, 5 young (5120K), 5 survivors (5120K)
 Metaspace       used 49183K, committed 49728K, reserved 1114112K
  class space    used 6167K, committed 6400K, reserved 1048576K
}
Event: 6.402 GC heap before
{Heap before GC invocations=10 (full 0):
 garbage-first heap   total 68608K, used 23024K [0x0000000082200000, 0x0000000100000000)
  region size 1024K, 6 young (6144K), 5 survivors (5120K)
 Metaspace       used 49394K, committed 49920K, reserved 1114112K
  class space    used 6209K, committed 6464K, reserved 1048576K
}
Event: 6.406 GC heap after
{Heap after GC invocations=11 (full 0):
 garbage-first heap   total 68608K, used 22186K [0x0000000082200000, 0x0000000100000000)
  region size 1024K, 1 young (1024K), 1 survivors (1024K)
 Metaspace       used 49394K, committed 49920K, reserved 1114112K
  class space    used 6209K, committed 6464K, reserved 1048576K
}
Event: 7.088 GC heap before
{Heap before GC invocations=11 (full 0):
 garbage-first heap   total 68608K, used 50858K [0x0000000082200000, 0x0000000100000000)
  region size 1024K, 30 young (30720K), 1 survivors (1024K)
 Metaspace       used 58466K, committed 59072K, reserved 1114112K
  class space    used 7590K, committed 7872K, reserved 1048576K
}
Event: 7.090 GC heap after
{Heap after GC invocations=12 (full 0):
 garbage-first heap   total 68608K, used 23571K [0x0000000082200000, 0x0000000100000000)
  region size 1024K, 3 young (3072K), 3 survivors (3072K)
 Metaspace       used 58466K, committed 59072K, reserved 1114112K
  class space    used 7590K, committed 7872K, reserved 1048576K
}
Event: 7.245 GC heap before
{Heap before GC invocations=12 (full 0):
 garbage-first heap   total 68608K, used 29715K [0x0000000082200000, 0x0000000100000000)
  region size 1024K, 10 young (10240K), 3 survivors (3072K)
 Metaspace       used 59950K, committed 60480K, reserved 1114112K
  class space    used 7740K, committed 8000K, reserved 1048576K
}
Event: 7.248 GC heap after
{Heap after GC invocations=13 (full 0):
 garbage-first heap   total 68608K, used 23960K [0x0000000082200000, 0x0000000100000000)
  region size 1024K, 3 young (3072K), 3 survivors (3072K)
 Metaspace       used 59950K, committed 60480K, reserved 1114112K
  class space    used 7740K, committed 8000K, reserved 1048576K
}
Event: 7.833 GC heap before
{Heap before GC invocations=14 (full 0):
 garbage-first heap   total 68608K, used 50584K [0x0000000082200000, 0x0000000100000000)
  region size 1024K, 29 young (29696K), 3 survivors (3072K)
 Metaspace       used 63022K, committed 63680K, reserved 1114112K
  class space    used 8245K, committed 8576K, reserved 1048576K
}
Event: 7.840 GC heap after
{Heap after GC invocations=15 (full 0):
 garbage-first heap   total 68608K, used 27037K [0x0000000082200000, 0x0000000100000000)
  region size 1024K, 4 young (4096K), 4 survivors (4096K)
 Metaspace       used 63022K, committed 63680K, reserved 1114112K
  class space    used 8245K, committed 8576K, reserved 1048576K
}
Event: 7.869 GC heap before
{Heap before GC invocations=15 (full 0):
 garbage-first heap   total 68608K, used 28061K [0x0000000082200000, 0x0000000100000000)
  region size 1024K, 5 young (5120K), 4 survivors (4096K)
 Metaspace       used 63117K, committed 63744K, reserved 1114112K
  class space    used 8267K, committed 8576K, reserved 1048576K
}
Event: 7.884 GC heap after
{Heap after GC invocations=16 (full 0):
 garbage-first heap   total 68608K, used 27211K [0x0000000082200000, 0x0000000100000000)
  region size 1024K, 1 young (1024K), 1 survivors (1024K)
 Metaspace       used 63117K, committed 63744K, reserved 1114112K
  class space    used 8267K, committed 8576K, reserved 1048576K
}
Event: 36.434 GC heap before
{Heap before GC invocations=16 (full 0):
 garbage-first heap   total 68608K, used 49739K [0x0000000082200000, 0x0000000100000000)
  region size 1024K, 24 young (24576K), 1 survivors (1024K)
 Metaspace       used 68233K, committed 68864K, reserved 1114112K
  class space    used 8963K, committed 9280K, reserved 1048576K
}

Dll operation events (14 events):
Event: 0.021 Loaded shared library C:\Program Files\Java\jdk-19\bin\java.dll
Event: 0.036 Loaded shared library C:\Program Files\Java\jdk-19\bin\jsvml.dll
Event: 0.152 Loaded shared library C:\Program Files\Java\jdk-19\bin\zip.dll
Event: 0.156 Loaded shared library C:\Program Files\Java\jdk-19\bin\instrument.dll
Event: 0.163 Loaded shared library C:\Program Files\Java\jdk-19\bin\net.dll
Event: 0.165 Loaded shared library C:\Program Files\Java\jdk-19\bin\nio.dll
Event: 0.169 Loaded shared library C:\Program Files\Java\jdk-19\bin\zip.dll
Event: 0.397 Loaded shared library C:\Program Files\JetBrains\IntelliJ IDEA Community Edition 2023.2\bin\breakgen64.dll
Event: 0.424 Loaded shared library C:\Program Files\Java\jdk-19\bin\extnet.dll
Event: 0.533 Loaded shared library C:\Program Files\Java\jdk-19\bin\jimage.dll
Event: 2.304 Loaded shared library C:\Program Files\Java\jdk-19\bin\sunmscapi.dll
Event: 4.221 Loaded shared library C:\Program Files\Java\jdk-19\bin\management.dll
Event: 4.223 Loaded shared library C:\Program Files\Java\jdk-19\bin\management_ext.dll
Event: 4.838 Loaded shared library C:\Program Files\Java\jdk-19\bin\verify.dll

Deoptimization events (20 events):
Event: 35.985 Thread 0x000002581bd38900 Uncommon trap: trap_request=0xffffffde fr.pc=0x0000025807cb8b18 relative=0x0000000000003db8
Event: 35.985 Thread 0x000002581bd38900 Uncommon trap: reason=class_check action=maybe_recompile pc=0x0000025807cb8b18 method=org.springframework.core.annotation.AnnotationsScanner.processMethodHierarchy(Ljava/lang/Object;[ILjava/lang/Class;Lorg/springframework/core/annotation/AnnotationsProces
Event: 35.985 Thread 0x000002581bd38900 DEOPT PACKING pc=0x0000025807cb8b18 sp=0x000000d712cfb3d0
Event: 35.985 Thread 0x000002581bd38900 DEOPT UNPACKING pc=0x0000025807596da3 sp=0x000000d712cfb3d8 mode 2
Event: 36.262 Thread 0x000002581bd38900 Uncommon trap: trap_request=0xffffff45 fr.pc=0x0000025807c32d60 relative=0x0000000000003b80
Event: 36.262 Thread 0x000002581bd38900 Uncommon trap: reason=unstable_if action=reinterpret pc=0x0000025807c32d60 method=java.lang.invoke.MethodType.checkPtypes([Ljava/lang/Class;)I @ 47 c2
Event: 36.262 Thread 0x000002581bd38900 DEOPT PACKING pc=0x0000025807c32d60 sp=0x000000d712cf7d80
Event: 36.262 Thread 0x000002581bd38900 DEOPT UNPACKING pc=0x0000025807596da3 sp=0x000000d712cf7d18 mode 2
Event: 36.263 Thread 0x000002581bd38900 Uncommon trap: trap_request=0xffffff45 fr.pc=0x0000025807ca76f8 relative=0x00000000000005f8
Event: 36.263 Thread 0x000002581bd38900 Uncommon trap: reason=unstable_if action=reinterpret pc=0x0000025807ca76f8 method=jdk.internal.org.objectweb.asm.Type.getArgumentsAndReturnSizes(Ljava/lang/String;)I @ 123 c2
Event: 36.263 Thread 0x000002581bd38900 DEOPT PACKING pc=0x0000025807ca76f8 sp=0x000000d712cf72b0
Event: 36.263 Thread 0x000002581bd38900 DEOPT UNPACKING pc=0x0000025807596da3 sp=0x000000d712cf7230 mode 2
Event: 36.263 Thread 0x000002581bd38900 Uncommon trap: trap_request=0xffffff45 fr.pc=0x0000025807d0719c relative=0x000000000000077c
Event: 36.263 Thread 0x000002581bd38900 Uncommon trap: reason=unstable_if action=reinterpret pc=0x0000025807d0719c method=jdk.internal.org.objectweb.asm.Type.getArgumentsAndReturnSizes(Ljava/lang/String;)I @ 123 c2
Event: 36.263 Thread 0x000002581bd38900 DEOPT PACKING pc=0x0000025807d0719c sp=0x000000d712cf7280
Event: 36.263 Thread 0x000002581bd38900 DEOPT UNPACKING pc=0x0000025807596da3 sp=0x000000d712cf7198 mode 2
Event: 36.263 Thread 0x000002581bd38900 Uncommon trap: trap_request=0xffffff45 fr.pc=0x0000025807cf0180 relative=0x0000000000000960
Event: 36.263 Thread 0x000002581bd38900 Uncommon trap: reason=unstable_if action=reinterpret pc=0x0000025807cf0180 method=jdk.internal.org.objectweb.asm.Frame.push(Ljdk/internal/org/objectweb/asm/SymbolTable;Ljava/lang/String;)V @ 49 c2
Event: 36.263 Thread 0x000002581bd38900 DEOPT PACKING pc=0x0000025807cf0180 sp=0x000000d712cf7260
Event: 36.263 Thread 0x000002581bd38900 DEOPT UNPACKING pc=0x0000025807596da3 sp=0x000000d712cf7210 mode 2

Classes loaded (20 events):
Event: 36.262 Loading class jdk/internal/reflect/MethodHandleDoubleFieldAccessorImpl
Event: 36.263 Loading class jdk/internal/reflect/MethodHandleDoubleFieldAccessorImpl done
Event: 36.297 Loading class java/time/format/DateTimeFormatterBuilder$ZoneTextPrinterParser
Event: 36.298 Loading class java/time/format/DateTimeFormatterBuilder$ZoneTextPrinterParser done
Event: 36.298 Loading class java/time/format/DateTimeFormatterBuilder$ReducedPrinterParser
Event: 36.298 Loading class java/time/format/DateTimeFormatterBuilder$ReducedPrinterParser done
Event: 36.313 Loading class java/util/OptionalLong
Event: 36.314 Loading class java/util/OptionalLong done
Event: 36.314 Loading class java/util/OptionalDouble
Event: 36.314 Loading class java/util/OptionalDouble done
Event: 36.324 Loading class java/util/stream/LongStream
Event: 36.325 Loading class java/util/stream/LongStream done
Event: 36.325 Loading class java/util/stream/DoubleStream
Event: 36.325 Loading class java/util/stream/DoubleStream done
Event: 36.358 Loading class org/w3c/dom/Node
Event: 36.359 Loading class org/w3c/dom/Node done
Event: 36.359 Loading class org/w3c/dom/Document
Event: 36.360 Loading class org/w3c/dom/Document done
Event: 36.400 Loading class java/util/AbstractMap$SimpleEntry
Event: 36.400 Loading class java/util/AbstractMap$SimpleEntry done

Classes unloaded (0 events):
No events

Classes redefined (0 events):
No events

Internal exceptions (20 events):
Event: 7.068 Thread 0x00000258769517a0 Implicit null exception at 0x0000025807da6060 to 0x0000025807da6270
Event: 7.099 Thread 0x00000258769517a0 Exception <a 'java/lang/IncompatibleClassChangeError'{0x0000000086a0a2a8}: Found class java.lang.Object, but interface was expected> (0x0000000086a0a2a8) 
thrown [s\open\src\hotspot\share\interpreter\linkResolver.cpp, line 841]
Event: 7.111 Thread 0x00000258769517a0 Exception <a 'java/lang/IncompatibleClassChangeError'{0x0000000086aa5828}: Found class java.lang.Object, but interface was expected> (0x0000000086aa5828) 
thrown [s\open\src\hotspot\share\interpreter\linkResolver.cpp, line 841]
Event: 7.150 Thread 0x00000258769517a0 Exception <a 'java/lang/IncompatibleClassChangeError'{0x00000000869fe840}: Found class java.lang.Object, but interface was expected> (0x00000000869fe840) 
thrown [s\open\src\hotspot\share\interpreter\linkResolver.cpp, line 841]
Event: 7.323 Thread 0x00000258769517a0 Exception <a 'java/lang/IncompatibleClassChangeError'{0x00000000869c9018}: Found class java.lang.Object, but interface was expected> (0x00000000869c9018) 
thrown [s\open\src\hotspot\share\interpreter\linkResolver.cpp, line 841]
Event: 7.446 Thread 0x00000258769517a0 Exception <a 'java/lang/NoSuchMethodError'{0x0000000085a843f8}: 'java.lang.Object java.lang.invoke.DirectMethodHandle$Holder.newInvokeSpecial(java.lang.Object, java.lang.Object, java.lang.Object, java.lang.Object, java.lang.Object, java.lang.Object, java.lang.Object, java.lang.Object)'> (0x0000000085a843f8) 
thrown [s\open\src\hotspot\share\interpreter\linkResolver.cpp, line 774]
Event: 7.591 Thread 0x00000258769517a0 Exception <a 'sun/nio/fs/WindowsException'{0x00000000854f5360}> (0x00000000854f5360) 
thrown [s\open\src\hotspot\share\prims\jni.cpp, line 517]
Event: 7.638 Thread 0x00000258769517a0 Exception <a 'java/lang/IncompatibleClassChangeError'{0x00000000850327f0}: Found class java.lang.Object, but interface was expected> (0x00000000850327f0) 
thrown [s\open\src\hotspot\share\interpreter\linkResolver.cpp, line 841]
Event: 7.686 Thread 0x00000258769517a0 Exception <a 'java/lang/NoSuchMethodError'{0x0000000084feb3f0}: 'void java.lang.invoke.DirectMethodHandle$Holder.invokeVirtual(java.lang.Object, java.lang.Object, long)'> (0x0000000084feb3f0) 
thrown [s\open\src\hotspot\share\interpreter\linkResolver.cpp, line 774]
Event: 7.748 Thread 0x00000258769517a0 Exception <a 'java/lang/NoSuchMethodError'{0x0000000084cf1b40}: 'int java.lang.invoke.DirectMethodHandle$Holder.invokeStaticInit(java.lang.Object, java.lang.Object, java.lang.Object, java.lang.Object)'> (0x0000000084cf1b40) 
thrown [s\open\src\hotspot\share\interpreter\linkResolver.cpp, line 774]
Event: 7.772 Thread 0x00000258769517a0 Exception <a 'java/lang/IncompatibleClassChangeError'{0x0000000084bd2520}: Found class java.lang.Object, but interface was expected> (0x0000000084bd2520) 
thrown [s\open\src\hotspot\share\interpreter\linkResolver.cpp, line 841]
Event: 7.784 Thread 0x00000258769517a0 Implicit null exception at 0x0000025807bf8060 to 0x0000025807bf82b4
Event: 8.088 Thread 0x00000258769517a0 Exception <a 'java/lang/NoSuchMethodError'{0x0000000085a133f0}: 'java.lang.Object java.lang.invoke.DirectMethodHandle$Holder.newInvokeSpecial(java.lang.Object, java.lang.Object, int, java.lang.Object, java.lang.Object)'> (0x0000000085a133f0) 
thrown [s\open\src\hotspot\share\interpreter\linkResolver.cpp, line 774]
Event: 35.625 Thread 0x000002581bd38900 Exception <a 'java/lang/NoSuchMethodError'{0x00000000856018c8}: 'java.lang.Object java.lang.invoke.DirectMethodHandle$Holder.invokeSpecial(java.lang.Object, java.lang.Object, java.lang.Object, java.lang.Object, java.lang.Object, long)'> (0x00000000856018c8) 
thrown [s\open\src\hotspot\share\interpreter\linkResolver.cpp, line 774]
Event: 35.625 Thread 0x000002581bd38900 Exception <a 'java/lang/NoSuchMethodError'{0x0000000085605318}: 'java.lang.Object java.lang.invoke.Invokers$Holder.linkToTargetMethod(java.lang.Object, java.lang.Object, java.lang.Object, long, java.lang.Object)'> (0x0000000085605318) 
thrown [s\open\src\hotspot\share\interpreter\linkResolver.cpp, line 774]
Event: 36.044 Thread 0x000002581bd38900 Exception <a 'java/lang/NoSuchMethodError'{0x00000000851dbd98}: 'java.lang.Object java.lang.invoke.DirectMethodHandle$Holder.invokeInterface(java.lang.Object, java.lang.Object, java.lang.Object, java.lang.Object)'> (0x00000000851dbd98) 
thrown [s\open\src\hotspot\share\interpreter\linkResolver.cpp, line 774]
Event: 36.047 Thread 0x000002581bd38900 Exception <a 'java/lang/NoSuchMethodError'{0x00000000851f3860}: 'java.lang.Object java.lang.invoke.DirectMethodHandle$Holder.invokeInterface(java.lang.Object, java.lang.Object, java.lang.Object, java.lang.Object, java.lang.Object)'> (0x00000000851f3860) 
thrown [s\open\src\hotspot\share\interpreter\linkResolver.cpp, line 774]
Event: 36.107 Thread 0x000002581bd38900 Exception <a 'java/lang/NoSuchMethodError'{0x0000000085045fb0}: 'void java.lang.invoke.DirectMethodHandle$Holder.invokeSpecialIFC(java.lang.Object, java.lang.Object, int, java.lang.Object, java.lang.Object, java.lang.Object, java.lang.Object)'> (0x0000000085045fb0) 
thrown [s\open\src\hotspot\share\interpreter\linkResolver.cpp, line 774]
Event: 36.264 Thread 0x000002581bd38900 Exception <a 'java/lang/NoSuchMethodError'{0x0000000084fc5828}: 'double java.lang.invoke.DelegatingMethodHandle$Holder.reinvoke_L(java.lang.Object, java.lang.Object)'> (0x0000000084fc5828) 
thrown [s\open\src\hotspot\share\interpreter\linkResolver.cpp, line 774]
Event: 36.266 Thread 0x000002581bd38900 Exception <a 'java/lang/NoSuchMethodError'{0x0000000084fd0f50}: 'void java.lang.invoke.DelegatingMethodHandle$Holder.reinvoke_L(java.lang.Object, java.lang.Object, double)'> (0x0000000084fd0f50) 
thrown [s\open\src\hotspot\share\interpreter\linkResolver.cpp, line 774]

VM Operations (20 events):
Event: 7.840 Executing VM operation: G1CollectForAllocation done
Event: 7.869 Executing VM operation: G1CollectForAllocation
Event: 7.884 Executing VM operation: G1CollectForAllocation done
Event: 7.912 Executing VM operation: HandshakeAllThreads
Event: 7.912 Executing VM operation: HandshakeAllThreads done
Event: 8.915 Executing VM operation: Cleanup
Event: 8.915 Executing VM operation: Cleanup done
Event: 33.178 Executing VM operation: Cleanup
Event: 33.178 Executing VM operation: Cleanup done
Event: 35.656 Executing VM operation: HandshakeAllThreads
Event: 35.656 Executing VM operation: HandshakeAllThreads done
Event: 35.656 Executing VM operation: Cleanup
Event: 35.656 Executing VM operation: Cleanup done
Event: 36.005 Executing VM operation: HandshakeAllThreads
Event: 36.005 Executing VM operation: HandshakeAllThreads done
Event: 36.302 Executing VM operation: HandshakeAllThreads
Event: 36.302 Executing VM operation: HandshakeAllThreads done
Event: 36.331 Executing VM operation: HandshakeAllThreads
Event: 36.332 Executing VM operation: HandshakeAllThreads done
Event: 36.434 Executing VM operation: G1CollectForAllocation

Events (20 events):
Event: 7.291 Thread 0x00000258151de860 flushing nmethod 0x00000258009a0310
Event: 7.291 Thread 0x00000258151de860 flushing nmethod 0x00000258009a1310
Event: 7.291 Thread 0x00000258151de860 flushing nmethod 0x00000258009a5110
Event: 7.291 Thread 0x00000258151de860 flushing nmethod 0x00000258009ad490
Event: 8.097 Thread 0x000002581bd38900 Thread added: 0x000002581bd38900
Event: 8.097 Thread 0x000002581bd3ae30 Thread added: 0x000002581bd3ae30
Event: 8.097 Thread 0x000002581bd3a390 Thread added: 0x000002581bd3a390
Event: 8.097 Thread 0x000002581bd3b380 Thread added: 0x000002581bd3b380
Event: 8.097 Thread 0x000002581bd37e60 Thread added: 0x000002581bd37e60
Event: 8.097 Thread 0x000002581bd383b0 Thread added: 0x000002581bd383b0
Event: 8.097 Thread 0x000002581bd38e50 Thread added: 0x000002581bd38e50
Event: 8.098 Thread 0x000002581d082aa0 Thread added: 0x000002581d082aa0
Event: 8.098 Thread 0x000002581d082000 Thread added: 0x000002581d082000
Event: 8.098 Thread 0x000002581d083a90 Thread added: 0x000002581d083a90
Event: 8.106 Thread 0x000002581d082550 Thread added: 0x000002581d082550
Event: 8.107 Thread 0x000002581d07eae0 Thread added: 0x000002581d07eae0
Event: 8.123 Thread 0x00000258769517a0 Thread exited: 0x00000258769517a0
Event: 8.123 Thread 0x000002581d07c060 Thread added: 0x000002581d07c060
Event: 11.465 Thread 0x000002581bd398f0 Thread exited: 0x000002581bd398f0
Event: 13.430 Thread 0x000002581ad9f670 Thread exited: 0x000002581ad9f670


Dynamic libraries:
0x00007ff699110000 - 0x00007ff699120000 	C:\Program Files\Java\jdk-19\bin\java.exe
0x00007fff5b270000 - 0x00007fff5b487000 	C:\WINDOWS\SYSTEM32\ntdll.dll
0x00007fff596e0000 - 0x00007fff597a4000 	C:\WINDOWS\System32\KERNEL32.DLL
0x00007fff58690000 - 0x00007fff58a49000 	C:\WINDOWS\System32\KERNELBASE.dll
0x00007fff58d00000 - 0x00007fff58e11000 	C:\WINDOWS\System32\ucrtbase.dll
0x00007fff32210000 - 0x00007fff3222b000 	C:\Program Files\Java\jdk-19\bin\VCRUNTIME140.dll
0x00007fff34410000 - 0x00007fff34428000 	C:\Program Files\Java\jdk-19\bin\jli.dll
0x00007fff59bf0000 - 0x00007fff59ca2000 	C:\WINDOWS\System32\ADVAPI32.dll
0x00007fff5a1a0000 - 0x00007fff5a247000 	C:\WINDOWS\System32\msvcrt.dll
0x00007fff59cb0000 - 0x00007fff59d57000 	C:\WINDOWS\System32\sechost.dll
0x00007fff58a50000 - 0x00007fff58a78000 	C:\WINDOWS\System32\bcrypt.dll
0x00007fff59070000 - 0x00007fff59184000 	C:\WINDOWS\System32\RPCRT4.dll
0x00007fff59190000 - 0x00007fff5933e000 	C:\WINDOWS\System32\USER32.dll
0x00007fff40730000 - 0x00007fff409c2000 	C:\WINDOWS\WinSxS\amd64_microsoft.windows.common-controls_6595b64144ccf1df_6.0.22621.4391_none_2715d37f73803e96\COMCTL32.dll
0x00007fff58e20000 - 0x00007fff58e46000 	C:\WINDOWS\System32\win32u.dll
0x00007fff59040000 - 0x00007fff59069000 	C:\WINDOWS\System32\GDI32.dll
0x00007fff58570000 - 0x00007fff5868b000 	C:\WINDOWS\System32\gdi32full.dll
0x00007fff58c60000 - 0x00007fff58cfa000 	C:\WINDOWS\System32\msvcp_win.dll
0x00007fff50070000 - 0x00007fff5007a000 	C:\WINDOWS\SYSTEM32\VERSION.dll
0x00007fff5a100000 - 0x00007fff5a131000 	C:\WINDOWS\System32\IMM32.DLL
0x00007fff32200000 - 0x00007fff3220c000 	C:\Program Files\Java\jdk-19\bin\vcruntime140_1.dll
0x00007fff31e50000 - 0x00007fff31ede000 	C:\Program Files\Java\jdk-19\bin\msvcp140.dll
0x00007fff30f30000 - 0x00007fff31bf0000 	C:\Program Files\Java\jdk-19\bin\server\jvm.dll
0x00007fff36960000 - 0x00007fff36969000 	C:\WINDOWS\SYSTEM32\WSOCK32.dll
0x00007fff50110000 - 0x00007fff50144000 	C:\WINDOWS\SYSTEM32\WINMM.dll
0x00007fff599d0000 - 0x00007fff59a41000 	C:\WINDOWS\System32\WS2_32.dll
0x00007fff576a0000 - 0x00007fff576b8000 	C:\WINDOWS\SYSTEM32\kernel.appcore.dll
0x00007fff31d50000 - 0x00007fff31d5a000 	C:\Program Files\Java\jdk-19\bin\jimage.dll
0x00007fff52e90000 - 0x00007fff530c2000 	C:\WINDOWS\SYSTEM32\DBGHELP.DLL
0x00007fff59d70000 - 0x00007fff5a0ff000 	C:\WINDOWS\System32\combase.dll
0x00007fff5b120000 - 0x00007fff5b1f7000 	C:\WINDOWS\System32\OLEAUT32.dll
0x00007fff40380000 - 0x00007fff403b2000 	C:\WINDOWS\SYSTEM32\dbgcore.DLL
0x00007fff58e50000 - 0x00007fff58ecb000 	C:\WINDOWS\System32\bcryptPrimitives.dll
0x00007fff4daa0000 - 0x00007fff4daae000 	C:\Program Files\Java\jdk-19\bin\instrument.dll
0x00007fff3af10000 - 0x00007fff3af36000 	C:\Program Files\Java\jdk-19\bin\java.dll
0x00007fff2d440000 - 0x00007fff2d517000 	C:\Program Files\Java\jdk-19\bin\jsvml.dll
0x00007fff5a250000 - 0x00007fff5aac6000 	C:\WINDOWS\System32\SHELL32.dll
0x00007fff564c0000 - 0x00007fff56dc3000 	C:\WINDOWS\SYSTEM32\windows.storage.dll
0x00007fff56380000 - 0x00007fff564bf000 	C:\WINDOWS\SYSTEM32\wintypes.dll
0x00007fff597c0000 - 0x00007fff598b9000 	C:\WINDOWS\System32\SHCORE.dll
0x00007fff5a140000 - 0x00007fff5a19e000 	C:\WINDOWS\System32\shlwapi.dll
0x00007fff584a0000 - 0x00007fff584cb000 	C:\WINDOWS\SYSTEM32\profapi.dll
0x00007fff36250000 - 0x00007fff36268000 	C:\Program Files\Java\jdk-19\bin\zip.dll
0x00007fff36360000 - 0x00007fff36373000 	C:\Program Files\Java\jdk-19\bin\net.dll
0x00007fff4d5c0000 - 0x00007fff4d6f6000 	C:\WINDOWS\SYSTEM32\WINHTTP.dll
0x00007fff57b20000 - 0x00007fff57b89000 	C:\WINDOWS\system32\mswsock.dll
0x00007fff36340000 - 0x00007fff36356000 	C:\Program Files\Java\jdk-19\bin\nio.dll
0x00007fff392e0000 - 0x00007fff392fa000 	C:\Program Files\JetBrains\IntelliJ IDEA Community Edition 2023.2\bin\breakgen64.dll
0x00007fff35a70000 - 0x00007fff35a78000 	C:\Program Files\Java\jdk-19\bin\extnet.dll
0x00007fff358b0000 - 0x00007fff358be000 	C:\Program Files\Java\jdk-19\bin\sunmscapi.dll
0x00007fff58af0000 - 0x00007fff58c56000 	C:\WINDOWS\System32\CRYPT32.dll
0x00007fff57f30000 - 0x00007fff57f5d000 	C:\WINDOWS\SYSTEM32\ncrypt.dll
0x00007fff57ef0000 - 0x00007fff57f27000 	C:\WINDOWS\SYSTEM32\NTASN1.dll
0x00007fff57d70000 - 0x00007fff57d8b000 	C:\WINDOWS\SYSTEM32\CRYPTSP.dll
0x00007fff57600000 - 0x00007fff57635000 	C:\WINDOWS\system32\rsaenh.dll
0x00007fff57c10000 - 0x00007fff57c38000 	C:\WINDOWS\SYSTEM32\USERENV.dll
0x00007fff57d90000 - 0x00007fff57d9c000 	C:\WINDOWS\SYSTEM32\CRYPTBASE.dll
0x00007fff570a0000 - 0x00007fff570cd000 	C:\WINDOWS\SYSTEM32\IPHLPAPI.DLL
0x00007fff59be0000 - 0x00007fff59be9000 	C:\WINDOWS\System32\NSI.dll
0x00007fff4cf00000 - 0x00007fff4cf19000 	C:\WINDOWS\SYSTEM32\dhcpcsvc6.DLL
0x00007fff4ce10000 - 0x00007fff4ce2f000 	C:\WINDOWS\SYSTEM32\dhcpcsvc.DLL
0x00007fff570d0000 - 0x00007fff571d2000 	C:\WINDOWS\SYSTEM32\DNSAPI.dll
0x00007fff3e8c0000 - 0x00007fff3e8ca000 	C:\Program Files\Java\jdk-19\bin\management.dll
0x00007fff3e7d0000 - 0x00007fff3e7db000 	C:\Program Files\Java\jdk-19\bin\management_ext.dll
0x00007fff597b0000 - 0x00007fff597b8000 	C:\WINDOWS\System32\PSAPI.DLL
0x00007fff36220000 - 0x00007fff36230000 	C:\Program Files\Java\jdk-19\bin\verify.dll
0x00007fff42ce0000 - 0x00007fff42cea000 	C:\Windows\System32\rasadhlp.dll
0x00007fff4bcd0000 - 0x00007fff4bd53000 	C:\WINDOWS\System32\fwpuclnt.dll
0x00007fff3af00000 - 0x00007fff3af08000 	C:\WINDOWS\system32\wshunix.dll

dbghelp: loaded successfully - version: 4.0.5 - missing functions: none
symbol engine: initialized successfully - sym options: 0x614 - pdb path: .;C:\Program Files\Java\jdk-19\bin;C:\WINDOWS\SYSTEM32;C:\WINDOWS\WinSxS\amd64_microsoft.windows.common-controls_6595b64144ccf1df_6.0.22621.4391_none_2715d37f73803e96;C:\Program Files\Java\jdk-19\bin\server;C:\Program Files\JetBrains\IntelliJ IDEA Community Edition 2023.2\bin

VM Arguments:
jvm_args: -javaagent:C:\Program Files\JetBrains\IntelliJ IDEA Community Edition 2023.2\lib\idea_rt.jar=63411:C:\Program Files\JetBrains\IntelliJ IDEA Community Edition 2023.2\bin -Dfile.encoding=UTF-8 -Dsun.stdout.encoding=UTF-8 -Dsun.stderr.encoding=UTF-8 
java_command: com.example.task.TaskApplication
java_class_path (initial): E:\2024\azhar\task\task\target\classes;C:\Users\User\.m2\repository\org\springframework\boot\spring-boot-starter-data-jpa\3.3.5\spring-boot-starter-data-jpa-3.3.5.jar;C:\Users\User\.m2\repository\org\springframework\boot\spring-boot-starter-aop\3.3.5\spring-boot-starter-aop-3.3.5.jar;C:\Users\User\.m2\repository\org\aspectj\aspectjweaver\1.9.22.1\aspectjweaver-1.9.22.1.jar;C:\Users\User\.m2\repository\org\springframework\boot\spring-boot-starter-jdbc\3.3.5\spring-boot-starter-jdbc-3.3.5.jar;C:\Users\User\.m2\repository\com\zaxxer\HikariCP\5.1.0\HikariCP-5.1.0.jar;C:\Users\User\.m2\repository\org\springframework\spring-jdbc\6.1.14\spring-jdbc-6.1.14.jar;C:\Users\User\.m2\repository\org\hibernate\orm\hibernate-core\6.5.3.Final\hibernate-core-6.5.3.Final.jar;C:\Users\User\.m2\repository\jakarta\persistence\jakarta.persistence-api\3.1.0\jakarta.persistence-api-3.1.0.jar;C:\Users\User\.m2\repository\jakarta\transaction\jakarta.transaction-api\2.0.1\jakarta.transaction-api-2.0.1.jar;C:\Users\User\.m2\repository\org\jboss\logging\jboss-logging\3.5.3.Final\jboss-logging-3.5.3.Final.jar;C:\Users\User\.m2\repository\org\hibernate\common\hibernate-commons-annotations\6.0.6.Final\hibernate-commons-annotations-6.0.6.Final.jar;C:\Users\User\.m2\repository\io\smallrye\jandex\3.1.2\jandex-3.1.2.jar;C:\Users\User\.m2\repository\com\fasterxml\classmate\1.7.0\classmate-1.7.0.jar;C:\Users\User\.m2\repository\net\bytebuddy\byte-buddy\1.14.19\byte-buddy-1.14.19.jar;C:\Users\User\.m2\repository\org\glassfish\jaxb\jaxb-runtime\4.0.5\jaxb-runtime-4.0.5.jar;C:\Users\User\.m2\repository\org\glassfish\jaxb\jaxb-core\4.0.5\jaxb-core-4.0.5.jar;C:\Users\User\.m2\repository\org\eclipse\angus\angus-activation\2.0.2\angus-activation-2.0.2.jar;C:\Users\User\.m2\repository\org\glassfish\jaxb\txw2\4.0.5\txw2-4.0.5.jar;C:\Users\User\.m2\repository\com\sun\istack\istack-commons-runtime\4.1.2\istack-commons-runtime-4.1.2.jar;C:\Users\User\.m2\repository\jakarta\inject\jakarta.inject-api\2.0.1\jakarta.inject-api-2.0.1.jar;C:\Users\User\.m2\repository\org\antlr\antlr4-runtime\4.13.0\antlr4-runtime-4.13.0.jar;C:\Users\User\.m2\repository\org\springframework\data\spring-data-jpa\3.3.5\spring-data-jpa-3.3.5.jar;C:\Users\User\.m2\repository\org\springframework\data\spring-data-commons\3.3.5\spring-data-commons-3.3.5.jar;C:\Users\User\.m2\repository\org\springframework\spring-orm\6.1.14\spring-orm-6.1.14.jar;C:\Users\User\.m2\repository\org\springframework\spring-context\6.1.14\spring-context-6.1.14.jar;C:\Users\User\.m2\repository\org\springframework\spring-tx\6.1.14\spring-tx-6.1.14.jar;C:\Users\User\.m2\repository\org\springframework\spring-beans\6.1.14\spring-beans-6.1.14.jar;C:\Users\User\.m2\repository\jakarta\annotation\jakarta.annotation-api\2.1.1\jakarta.annotation-api-2.1.1.jar;C:\Users\User\.m2\repository\org\slf4j\slf4j-api\2.0.16\slf4j-api-2.0.16.jar;C:\Users\User\.m2\repository\org\springframework\spring-aspects\6.1.14\spring-aspects-6.1.14.jar;C:\Users\User\.m2\repository\org\springframework\boot\spring-boot-starter-security\3.3.5\spring-boot-starter-security-3.3.5.jar;C:\Users\User\.m2\repository\org\springframework\boot\spring-boot-starter\3.3.5\spring-boot-starter-3.3.5.jar;C:\Users\User\.m2\repository\org\springframework\boot\spring-boot\3.3.5\spring-boot-3.3.5.jar;C:\Users\User\.m2\repository\org\springframework\boot\spring-boot-autoconfigure\3.3.5\spring-boot-autoconfigure-3.3.5.jar;C:\Users\User\.m2\repository\org\springframework\boot\spring-boot-starter-logging\3.3.5\spring-boot-starter-logging-3.3.5.jar;C:\Users\User\.m2\repository\ch\qos\logback\logback-classic\1.5.11\logback-classic-1.5.11.jar;C:\Users\User\.m2\repository\ch\qos\logback\logback-core\1.5.11\logback-core-1.5.11.jar;C:\Users\User\.m2\repository\org\apache\logging\log4j\log4j-to-slf4j\2.23.1\log4j-to-slf4j-2.23.1.jar;C:\Users\User\.m2\repository\org\apache\logging\log4j\log4j-api\2.23.1\log4j-api-2.23.1.jar;C:\Users\User\.m2\repository\org\slf4j\jul-to-slf4j\2.0.16\jul-to-slf4j-2.0.16.jar;C:\Users\User\.m2\repository\org\yaml\snakeyaml\2.2\snakeyaml-2.2.jar;C:\Users\User\.m2\repository\org\springframework\spring-aop\6.1.14\spring-aop-6.1.14.jar;C:\Users\User\.m2\repository\org\springframework\security\spring-security-config\6.3.4\spring-security-config-6.3.4.jar;C:\Users\User\.m2\repository\org\springframework\security\spring-security-web\6.3.4\spring-security-web-6.3.4.jar;C:\Users\User\.m2\repository\org\springframework\spring-expression\6.1.14\spring-expression-6.1.14.jar;C:\Users\User\.m2\repository\org\springframework\boot\spring-boot-starter-web\3.3.5\spring-boot-starter-web-3.3.5.jar;C:\Users\User\.m2\repository\org\springframework\boot\spring-boot-starter-json\3.3.5\spring-boot-starter-json-3.3.5.jar;C:\Users\User\.m2\repository\com\fasterxml\jackson\core\jackson-databind\2.17.2\jackson-databind-2.17.2.jar;C:\Users\User\.m2\repository\com\fasterxml\jackson\core\jackson-annotations\2.17.2\jackson-annotations-2.17.2.jar;C:\Users\User\.m2\repository\com\fasterxml\jackson\core\jackson-core\2.17.2\jackson-core-2.17.2.jar;C:\Users\User\.m2\repository\com\fasterxml\jackson\datatype\jackson-datatype-jdk8\2.17.2\jackson-datatype-jdk8-2.17.2.jar;C:\Users\User\.m2\repository\com\fasterxml\jackson\datatype\jackson-datatype-jsr310\2.17.2\jackson-datatype-jsr310-2.17.2.jar;C:\Users\User\.m2\repository\com\fasterxml\jackson\module\jackson-module-parameter-names\2.17.2\jackson-module-parameter-names-2.17.2.jar;C:\Users\User\.m2\repository\org\springframework\boot\spring-boot-starter-tomcat\3.3.5\spring-boot-starter-tomcat-3.3.5.jar;C:\Users\User\.m2\repository\org\apache\tomcat\embed\tomcat-embed-core\10.1.31\tomcat-embed-core-10.1.31.jar;C:\Users\User\.m2\repository\org\apache\tomcat\embed\tomcat-embed-el\10.1.31\tomcat-embed-el-10.1.31.jar;C:\Users\User\.m2\repository\org\apache\tomcat\embed\tomcat-embed-websocket\10.1.31\tomcat-embed-websocket-10.1.31.jar;C:\Users\User\.m2\repository\org\springframework\spring-web\6.1.14\spring-web-6.1.14.jar;C:\Users\User\.m2\repository\io\micrometer\micrometer-observation\1.13.6\micrometer-observation-1.13.6.jar;C:\Users\User\.m2\repository\io\micrometer\micrometer-commons\1.13.6\micrometer-commons-1.13.6.jar;C:\Users\User\.m2\repository\org\springframework\spring-webmvc\6.1.14\spring-webmvc-6.1.14.jar;C:\Users\User\.m2\repository\com\mysql\mysql-connector-j\8.3.0\mysql-connector-j-8.3.0.jar;C:\Users\User\.m2\repository\org\projectlombok\lombok\1.18.34\lombok-1.18.34.jar;C:\Users\User\.m2\repository\jakarta\xml\bind\jakarta.xml.bind-api\4.0.2\jakarta.xml.bind-api-4.0.2.jar;C:\Users\User\.m2\repository\jakarta\activation\jakarta.activation-api\2.1.3\jakarta.activation-api-2.1.3.jar;C:\Users\User\.m2\repository\org\springframework\spring-core\6.1.14\spring-core-6.1.14.jar;C:\Users\User\.m2\repository\org\springframework\spring-jcl\6.1.14\spring-jcl-6.1.14.jar;C:\Users\User\.m2\repository\org\springframework\security\spring-security-core\6.3.4\spring-security-core-6.3.4.jar;C:\Users\User\.m2\repository\org\springframework\security\spring-security-crypto\6.3.4\spring-security-crypto-6.3.4.jar
Launcher Type: SUN_STANDARD

[Global flags]
     intx CICompilerCount                          = 4                                         {product} {ergonomic}
     uint ConcGCThreads                            = 2                                         {product} {ergonomic}
     uint G1ConcRefinementThreads                  = 8                                         {product} {ergonomic}
   size_t G1HeapRegionSize                         = 1048576                                   {product} {ergonomic}
    uintx GCDrainStackTargetSize                   = 64                                        {product} {ergonomic}
   size_t InitialHeapSize                          = 132120576                                 {product} {ergonomic}
   size_t MarkStackSize                            = 4194304                                   {product} {ergonomic}
   size_t MaxHeapSize                              = 2111832064                                {product} {ergonomic}
   size_t MaxNewSize                               = 1266679808                                {product} {ergonomic}
   size_t MinHeapDeltaBytes                        = 1048576                                   {product} {ergonomic}
   size_t MinHeapSize                              = 8388608                                   {product} {ergonomic}
    uintx NonNMethodCodeHeapSize                   = 5839372                                {pd product} {ergonomic}
    uintx NonProfiledCodeHeapSize                  = 122909434                              {pd product} {ergonomic}
    uintx ProfiledCodeHeapSize                     = 122909434                              {pd product} {ergonomic}
    uintx ReservedCodeCacheSize                    = 251658240                              {pd product} {ergonomic}
     bool SegmentedCodeCache                       = true                                      {product} {ergonomic}
   size_t SoftMaxHeapSize                          = 2111832064                             {manageable} {ergonomic}
     bool UseCompressedClassPointers               = true                           {product lp64_product} {ergonomic}
     bool UseCompressedOops                        = true                           {product lp64_product} {ergonomic}
     bool UseG1GC                                  = true                                      {product} {ergonomic}
     bool UseLargePagesIndividualAllocation        = false                                  {pd product} {ergonomic}

Logging:
Log output configuration:
 #0: stdout all=warning uptime,level,tags foldmultilines=false
 #1: stderr all=off uptime,level,tags foldmultilines=false

Environment Variables:
PATH=c:\Users\User\AppData\Local\Programs\cursor\resources\app\bin;C:\Program Files\Common Files\Oracle\Java\javapath;C:\Program Files (x86)\Common Files\Oracle\Java\javapath;C:\WINDOWS\system32;C:\WINDOWS;C:\WINDOWS\System32\Wbem;C:\WINDOWS\System32\WindowsPowerShell\v1.0\;C:\WINDOWS\System32\OpenSSH\;C:\Program Files\Java\jdk1.8.0_202\bin;C:\Program Files\Java\scripts;C:\Program Files\apache-maven-3.9.3-bin\apache-maven-3.9.3\bin;C:\Program Files (x86)\Google\Google Apps Sync\;C:\Program Files (x86)\Google\Google Apps Migration\;C:\Program Files\Git\cmd;C:\Program Files\PuTTY\;C:\Program Files\MySQL\MySQL Server 5.5\bin;C:\ffmpeg\bin;C:\Users\User\AppData\Roaming\nvm;C:\ProgramData\chocolatey\bin;C:\Program Files\nodejs\;C:\Program Files\dotnet\;C:\Program Files\OpenSSL-Win64\bin;C:\Program Files\TortoiseGit\bin;C:\Program Files\MongoDB\Server\7.0\bin;C:\Program Files\MongoDB\mongosh-2.3.0-win32-x64\bin;C:\Users\User\AppData\Local\Microsoft\WindowsApps;C:\Program Files\JetBrains\IntelliJ IDEA 2023.2\bin;;C:\Prog;C:\Users\User\AppData\Local\Microsoft\WindowsApps;C:\Users\User\AppData\Local\Programs\Microsoft VS Code\bin;C:\Program Files\JetBrains\IntelliJ IDEA 2023.2\bin;;C:\Program Files\JetBrains\PyCharm 2023.2\bin;;C:\Program Files\JetBrains\IntelliJ IDEA Community Edition 2023.2\bin;;C:\Program Files\JetBrains\PyCharm Community Edition 2023.2.1\bin;;C:\Users\User\AppData\Roaming\npm;C:\Users\User\.dotnet\tools;C:\Users\User\AppData\Local\GitHubDesktop\bin
USERNAME=User
OS=Windows_NT
PROCESSOR_IDENTIFIER=Intel64 Family 6 Model 142 Stepping 10, GenuineIntel
TMP=C:\Users\User\AppData\Local\Temp
TEMP=C:\Users\User\AppData\Local\Temp



---------------  S Y S T E M  ---------------

OS:
 Windows 11 , 64 bit Build 22621 (10.0.22621.4391)
OS uptime: 1 days 2:02 hours

CPU: total 8 (initial active 8) (4 cores per cpu, 2 threads per core) family 6 model 142 stepping 10 microcode 0xf4, cx8, cmov, fxsr, ht, mmx, 3dnowpref, sse, sse2, sse3, ssse3, sse4.1, sse4.2, popcnt, lzcnt, tsc, tscinvbit, avx, avx2, aes, erms, clmul, bmi1, bmi2, rtm, adx, fma, vzeroupper, clflush, clflushopt, rdtscp

Memory: 4k page, system-wide physical 8050M (307M free)
TotalPageFile size 16050M (AvailPageFile size 0M)
current process WorkingSet (physical memory assigned to process): 234M, peak: 262M
current process commit charge ("private bytes"): 271M, peak: 298M

vm_info: Java HotSpot(TM) 64-Bit Server VM (19.0.2+7-44) for windows-amd64 JRE (19.0.2+7-44), built on 2022-11-30T18:02:09Z by "mach5one" with MS VC++ 17.1 (VS2022)

END.
